Importer Log Report
Document: C:\Users\arnav\Documents\GitHub\TI-32-CE\pcb\cheating-calc.kicad_sch
    Section : Loading Schematic - C:\Users\arnav\Documents\GitHub\TI-32-CE\pcb\cheating-calc.kicad_sch
        Warning: Unknown child dnp of symbol.
        Warning: Unknown child instances of symbol.
        Warning: Unknown child dnp of symbol.
        Warning: Unknown child instances of symbol.
        Warning: Unknown child dnp of symbol.
        Warning: Unknown child instances of symbol.
        Warning: Unknown child dnp of symbol.
        Warning: Unknown child instances of symbol.
        Warning: Unknown child dnp of symbol.
        Warning: Unknown child instances of symbol.
        Warning: Unknown child dnp of symbol.
        Warning: Unknown child instances of symbol.
        Warning: Unknown child dnp of symbol.
        Warning: Unknown child instances of symbol.
        Warning: Unknown child dnp of symbol.
        Warning: Unknown child instances of symbol.
        Warning: Unknown child dnp of symbol.
        Warning: Unknown child instances of symbol.
        Warning: Unknown child dnp of symbol.
        Warning: Unknown child instances of symbol.
        Warning: Unknown child dnp of symbol.
        Warning: Unknown child instances of symbol.
        Warning: Unknown child dnp of symbol.
        Warning: Unknown child instances of symbol.
        Warning: Unknown child dnp of symbol.
        Warning: Unknown child instances of symbol.
        Warning: Unknown child dnp of symbol.
        Warning: Unknown child instances of symbol.
        Warning: Unknown child dnp of symbol.
        Warning: Unknown child instances of symbol.
        Warning: Unknown child dnp of symbol.
        Warning: Unknown child instances of symbol.
        Warning: Unknown child dnp of symbol.
        Warning: Unknown child instances of symbol.
    EndSection
    Section : Loading Schematic - C:\Users\arnav\Documents\GitHub\TI-32-CE\pcb\cheating-calc.kicad_sch
        Warning: Unknown child dnp of symbol.
        Warning: Unknown child instances of symbol.
        Warning: Unknown child dnp of symbol.
        Warning: Unknown child instances of symbol.
        Warning: Unknown child dnp of symbol.
        Warning: Unknown child instances of symbol.
        Warning: Unknown child dnp of symbol.
        Warning: Unknown child instances of symbol.
        Warning: Unknown child dnp of symbol.
        Warning: Unknown child instances of symbol.
        Warning: Unknown child dnp of symbol.
        Warning: Unknown child instances of symbol.
        Warning: Unknown child dnp of symbol.
        Warning: Unknown child instances of symbol.
        Warning: Unknown child dnp of symbol.
        Warning: Unknown child instances of symbol.
        Warning: Unknown child dnp of symbol.
        Warning: Unknown child instances of symbol.
        Warning: Unknown child dnp of symbol.
        Warning: Unknown child instances of symbol.
        Warning: Unknown child dnp of symbol.
        Warning: Unknown child instances of symbol.
        Warning: Unknown child dnp of symbol.
        Warning: Unknown child instances of symbol.
        Warning: Unknown child dnp of symbol.
        Warning: Unknown child instances of symbol.
        Warning: Unknown child dnp of symbol.
        Warning: Unknown child instances of symbol.
        Warning: Unknown child dnp of symbol.
        Warning: Unknown child instances of symbol.
        Warning: Unknown child dnp of symbol.
        Warning: Unknown child instances of symbol.
        Warning: Unknown child dnp of symbol.
        Warning: Unknown child instances of symbol.
    EndSection
